INFO JavaFX Application Thread com.zaxxer.hikari.HikariDataSource - HikariPool-1 - Starting...
INFO JavaFX Application Thread com.zaxxer.hikari.HikariDataSource - HikariPool-1 - Start completed.
INFO JavaFX Application Thread com.zaxxer.hikari.HikariDataSource - HikariPool-1 - Starting...
INFO JavaFX Application Thread com.zaxxer.hikari.HikariDataSource - HikariPool-1 - Start completed.
INFO JavaFX Application Thread com.zaxxer.hikari.HikariDataSource - HikariPool-1 - Starting...
INFO JavaFX Application Thread com.zaxxer.hikari.HikariDataSource - HikariPool-1 - Start completed.
INFO JavaFX Application Thread com.zaxxer.hikari.HikariDataSource - HikariPool-1 - Starting...
INFO JavaFX Application Thread com.zaxxer.hikari.HikariDataSource - HikariPool-1 - Start completed.
INFO JavaFX Application Thread com.zaxxer.hikari.HikariDataSource - HikariPool-1 - Starting...
INFO JavaFX Application Thread com.zaxxer.hikari.HikariDataSource - HikariPool-1 - Start completed.
INFO JavaFX Application Thread com.zaxxer.hikari.HikariDataSource - HikariPool-1 - Starting...
INFO JavaFX Application Thread com.zaxxer.hikari.HikariDataSource - HikariPool-1 - Start completed.
INFO JavaFX Application Thread com.zaxxer.hikari.HikariDataSource - HikariPool-1 - Starting...
INFO JavaFX Application Thread com.zaxxer.hikari.HikariDataSource - HikariPool-1 - Start completed.
WARN HikariPool-1 housekeeper com.zaxxer.hikari.pool.HikariPool - HikariPool-1 - Thread starvation or clock leap detected (housekeeper delta=1h3s828ms263µs100ns).
WARN HikariPool-1 housekeeper com.zaxxer.hikari.pool.HikariPool - HikariPool-1 - Thread starvation or clock leap detected (housekeeper delta=4m43s372ms882µs400ns).
WARN HikariPool-1 housekeeper com.zaxxer.hikari.pool.HikariPool - HikariPool-1 - Thread starvation or clock leap detected (housekeeper delta=17m19s126ms799µs).
WARN HikariPool-1 housekeeper com.zaxxer.hikari.pool.HikariPool - HikariPool-1 - Thread starvation or clock leap detected (housekeeper delta=14h29m37s421ms272µs800ns).
WARN HikariPool-1 housekeeper com.zaxxer.hikari.pool.HikariPool - HikariPool-1 - Thread starvation or clock leap detected (housekeeper delta=1h3m37s982ms441µs500ns).
INFO JavaFX Application Thread com.zaxxer.hikari.HikariDataSource - HikariPool-1 - Starting...
INFO JavaFX Application Thread com.zaxxer.hikari.HikariDataSource - HikariPool-1 - Start completed.
